7.6.2024, 14:46:09 - INFO - New connected socket [id: L5OpnVPdwYbi0pN9AAAB] 
7.6.2024, 14:46:12 - INFO - New connected socket [id: 5dLM418RX_8Y-OjbAAAD] 
7.6.2024, 14:51:48 - INFO - New connected socket [id: wGRY_63poASjttCjAAAB] 
7.6.2024, 14:52:07 - INFO - New connected socket [id: 8ELXgHb6PJ5D72RfAAAB] 
7.6.2024, 14:52:34 - INFO - Socket disconnected [id: undefined] 
7.6.2024, 15:00:12 - INFO - Connected to DB 
7.6.2024, 15:00:37 - INFO - Connected to DB 
7.6.2024, 15:00:46 - INFO - Connected to DB 
7.6.2024, 15:01:08 - INFO - Connected to DB 
7.6.2024, 15:03:18 - INFO - Connected to DB 
7.6.2024, 15:03:25 - INFO - Connected to DB 
7.6.2024, 15:03:48 - INFO - Connected to DB 
7.6.2024, 15:04:36 - INFO - Connected to DB 
7.6.2024, 15:04:40 - INFO - Connected to DB 
7.6.2024, 15:06:49 - INFO - Connected to DB 
7.6.2024, 15:06:56 - INFO - Connected to DB 
7.6.2024, 15:08:33 - INFO - Connected to DB 
7.6.2024, 15:09:18 - INFO - Connected to DB 
7.6.2024, 15:11:59 - INFO - Connected to DB 
7.6.2024, 15:12:34 - INFO - Connected to DB 
7.6.2024, 15:12:48 - INFO - Connected to DB 
7.6.2024, 15:13:01 - INFO - Connected to DB 
7.6.2024, 15:13:19 - INFO - Connected to DB 
7.6.2024, 15:14:45 - INFO - Connected to DB 
7.6.2024, 15:16:17 - INFO - Connected to DB 
7.6.2024, 15:20:19 - INFO - Connected to DB 
7.6.2024, 15:20:34 - INFO - Connected to DB 
7.6.2024, 15:20:37 - INFO - Connected to DB 
7.6.2024, 15:21:02 - INFO - Connected to DB 
7.6.2024, 15:21:11 - INFO - Connected to DB 
7.6.2024, 15:21:57 - INFO - Connected to DB 
7.6.2024, 15:22:00 - INFO - Connected to DB 
7.6.2024, 15:22:07 - INFO - Connected to DB 
7.6.2024, 15:24:09 - INFO - Connected to DB 
7.6.2024, 15:25:43 - INFO - Connected to DB 
7.6.2024, 15:32:08 - INFO - Connected to DB 
